Linked: (/home/user/catkin_ws/devel/.private/my_custom_action_message/lib/pkgconfig/my_custom_action_message.pc, /home/user/catkin_ws/devel/lib/pkgconfig/my_custom_action_message.pc)
Linked: (/home/user/catkin_ws/devel/.private/my_custom_action_message/lib/python3/dist-packages/my_custom_action_message/__init__.py, /home/user/catkin_ws/devel/lib/python3/dist-packages/my_custom_action_message/__init__.py)
Linked: (/home/user/catkin_ws/devel/.private/my_custom_action_message/lib/python3/dist-packages/my_custom_action_message/msg/_CustomActionGoal.py, /home/user/catkin_ws/devel/lib/python3/dist-packages/my_custom_action_message/msg/_CustomActionGoal.py)
Linked: (/home/user/catkin_ws/devel/.private/my_custom_action_message/lib/python3/dist-packages/my_custom_action_message/msg/_CustomFeedback.py, /home/user/catkin_ws/devel/lib/python3/dist-packages/my_custom_action_message/msg/_CustomFeedback.py)
Linked: (/home/user/catkin_ws/devel/.private/my_custom_action_message/lib/python3/dist-packages/my_custom_action_message/msg/_CustomActionFeedback.py, /home/user/catkin_ws/devel/lib/python3/dist-packages/my_custom_action_message/msg/_CustomActionFeedback.py)
Linked: (/home/user/catkin_ws/devel/.private/my_custom_action_message/lib/python3/dist-packages/my_custom_action_message/msg/__init__.py, /home/user/catkin_ws/devel/lib/python3/dist-packages/my_custom_action_message/msg/__init__.py)
Linked: (/home/user/catkin_ws/devel/.private/my_custom_action_message/lib/python3/dist-packages/my_custom_action_message/msg/_CustomAction.py, /home/user/catkin_ws/devel/lib/python3/dist-packages/my_custom_action_message/msg/_CustomAction.py)
Linked: (/home/user/catkin_ws/devel/.private/my_custom_action_message/lib/python3/dist-packages/my_custom_action_message/msg/_CustomActionResult.py, /home/user/catkin_ws/devel/lib/python3/dist-packages/my_custom_action_message/msg/_CustomActionResult.py)
Linked: (/home/user/catkin_ws/devel/.private/my_custom_action_message/lib/python3/dist-packages/my_custom_action_message/msg/_CustomResult.py, /home/user/catkin_ws/devel/lib/python3/dist-packages/my_custom_action_message/msg/_CustomResult.py)
Linked: (/home/user/catkin_ws/devel/.private/my_custom_action_message/lib/python3/dist-packages/my_custom_action_message/msg/_CustomGoal.py, /home/user/catkin_ws/devel/lib/python3/dist-packages/my_custom_action_message/msg/_CustomGoal.py)
Linked: (/home/user/catkin_ws/devel/.private/my_custom_action_message/include/my_custom_action_message/CustomFeedback.h, /home/user/catkin_ws/devel/include/my_custom_action_message/CustomFeedback.h)
Linked: (/home/user/catkin_ws/devel/.private/my_custom_action_message/include/my_custom_action_message/CustomResult.h, /home/user/catkin_ws/devel/include/my_custom_action_message/CustomResult.h)
Linked: (/home/user/catkin_ws/devel/.private/my_custom_action_message/include/my_custom_action_message/CustomAction.h, /home/user/catkin_ws/devel/include/my_custom_action_message/CustomAction.h)
Linked: (/home/user/catkin_ws/devel/.private/my_custom_action_message/include/my_custom_action_message/CustomActionGoal.h, /home/user/catkin_ws/devel/include/my_custom_action_message/CustomActionGoal.h)
Linked: (/home/user/catkin_ws/devel/.private/my_custom_action_message/include/my_custom_action_message/CustomActionResult.h, /home/user/catkin_ws/devel/include/my_custom_action_message/CustomActionResult.h)
Linked: (/home/user/catkin_ws/devel/.private/my_custom_action_message/include/my_custom_action_message/CustomActionFeedback.h, /home/user/catkin_ws/devel/include/my_custom_action_message/CustomActionFeedback.h)
Linked: (/home/user/catkin_ws/devel/.private/my_custom_action_message/include/my_custom_action_message/CustomGoal.h, /home/user/catkin_ws/devel/include/my_custom_action_message/CustomGoal.h)
Linked: (/home/user/catkin_ws/devel/.private/my_custom_action_message/share/common-lisp/ros/my_custom_action_message/msg/CustomActionGoal.lisp, /home/user/catkin_ws/devel/share/common-lisp/ros/my_custom_action_message/msg/CustomActionGoal.lisp)
Linked: (/home/user/catkin_ws/devel/.private/my_custom_action_message/share/common-lisp/ros/my_custom_action_message/msg/_package_CustomActionFeedback.lisp, /home/user/catkin_ws/devel/share/common-lisp/ros/my_custom_action_message/msg/_package_CustomActionFeedback.lisp)
Linked: (/home/user/catkin_ws/devel/.private/my_custom_action_message/share/common-lisp/ros/my_custom_action_message/msg/CustomGoal.lisp, /home/user/catkin_ws/devel/share/common-lisp/ros/my_custom_action_message/msg/CustomGoal.lisp)
Linked: (/home/user/catkin_ws/devel/.private/my_custom_action_message/share/common-lisp/ros/my_custom_action_message/msg/_package_CustomGoal.lisp, /home/user/catkin_ws/devel/share/common-lisp/ros/my_custom_action_message/msg/_package_CustomGoal.lisp)
Linked: (/home/user/catkin_ws/devel/.private/my_custom_action_message/share/common-lisp/ros/my_custom_action_message/msg/CustomActionResult.lisp, /home/user/catkin_ws/devel/share/common-lisp/ros/my_custom_action_message/msg/CustomActionResult.lisp)
Linked: (/home/user/catkin_ws/devel/.private/my_custom_action_message/share/common-lisp/ros/my_custom_action_message/msg/_package_CustomAction.lisp, /home/user/catkin_ws/devel/share/common-lisp/ros/my_custom_action_message/msg/_package_CustomAction.lisp)
Linked: (/home/user/catkin_ws/devel/.private/my_custom_action_message/share/common-lisp/ros/my_custom_action_message/msg/_package_CustomActionGoal.lisp, /home/user/catkin_ws/devel/share/common-lisp/ros/my_custom_action_message/msg/_package_CustomActionGoal.lisp)
Linked: (/home/user/catkin_ws/devel/.private/my_custom_action_message/share/common-lisp/ros/my_custom_action_message/msg/CustomResult.lisp, /home/user/catkin_ws/devel/share/common-lisp/ros/my_custom_action_message/msg/CustomResult.lisp)
Linked: (/home/user/catkin_ws/devel/.private/my_custom_action_message/share/common-lisp/ros/my_custom_action_message/msg/CustomFeedback.lisp, /home/user/catkin_ws/devel/share/common-lisp/ros/my_custom_action_message/msg/CustomFeedback.lisp)
Linked: (/home/user/catkin_ws/devel/.private/my_custom_action_message/share/common-lisp/ros/my_custom_action_message/msg/CustomAction.lisp, /home/user/catkin_ws/devel/share/common-lisp/ros/my_custom_action_message/msg/CustomAction.lisp)
Linked: (/home/user/catkin_ws/devel/.private/my_custom_action_message/share/common-lisp/ros/my_custom_action_message/msg/_package.lisp, /home/user/catkin_ws/devel/share/common-lisp/ros/my_custom_action_message/msg/_package.lisp)
Linked: (/home/user/catkin_ws/devel/.private/my_custom_action_message/share/common-lisp/ros/my_custom_action_message/msg/_package_CustomResult.lisp, /home/user/catkin_ws/devel/share/common-lisp/ros/my_custom_action_message/msg/_package_CustomResult.lisp)
Linked: (/home/user/catkin_ws/devel/.private/my_custom_action_message/share/common-lisp/ros/my_custom_action_message/msg/CustomActionFeedback.lisp, /home/user/catkin_ws/devel/share/common-lisp/ros/my_custom_action_message/msg/CustomActionFeedback.lisp)
Linked: (/home/user/catkin_ws/devel/.private/my_custom_action_message/share/common-lisp/ros/my_custom_action_message/msg/_package_CustomActionResult.lisp, /home/user/catkin_ws/devel/share/common-lisp/ros/my_custom_action_message/msg/_package_CustomActionResult.lisp)
Linked: (/home/user/catkin_ws/devel/.private/my_custom_action_message/share/common-lisp/ros/my_custom_action_message/msg/_package_CustomFeedback.lisp, /home/user/catkin_ws/devel/share/common-lisp/ros/my_custom_action_message/msg/_package_CustomFeedback.lisp)
Linked: (/home/user/catkin_ws/devel/.private/my_custom_action_message/share/common-lisp/ros/my_custom_action_message/msg/my_custom_action_message-msg.asd, /home/user/catkin_ws/devel/share/common-lisp/ros/my_custom_action_message/msg/my_custom_action_message-msg.asd)
Linked: (/home/user/catkin_ws/devel/.private/my_custom_action_message/share/roseus/ros/my_custom_action_message/manifest.l, /home/user/catkin_ws/devel/share/roseus/ros/my_custom_action_message/manifest.l)
Linked: (/home/user/catkin_ws/devel/.private/my_custom_action_message/share/roseus/ros/my_custom_action_message/msg/CustomResult.l, /home/user/catkin_ws/devel/share/roseus/ros/my_custom_action_message/msg/CustomResult.l)
Linked: (/home/user/catkin_ws/devel/.private/my_custom_action_message/share/roseus/ros/my_custom_action_message/msg/CustomAction.l, /home/user/catkin_ws/devel/share/roseus/ros/my_custom_action_message/msg/CustomAction.l)
Linked: (/home/user/catkin_ws/devel/.private/my_custom_action_message/share/roseus/ros/my_custom_action_message/msg/CustomGoal.l, /home/user/catkin_ws/devel/share/roseus/ros/my_custom_action_message/msg/CustomGoal.l)
Linked: (/home/user/catkin_ws/devel/.private/my_custom_action_message/share/roseus/ros/my_custom_action_message/msg/CustomFeedback.l, /home/user/catkin_ws/devel/share/roseus/ros/my_custom_action_message/msg/CustomFeedback.l)
Linked: (/home/user/catkin_ws/devel/.private/my_custom_action_message/share/roseus/ros/my_custom_action_message/msg/CustomActionFeedback.l, /home/user/catkin_ws/devel/share/roseus/ros/my_custom_action_message/msg/CustomActionFeedback.l)
Linked: (/home/user/catkin_ws/devel/.private/my_custom_action_message/share/roseus/ros/my_custom_action_message/msg/CustomActionResult.l, /home/user/catkin_ws/devel/share/roseus/ros/my_custom_action_message/msg/CustomActionResult.l)
Linked: (/home/user/catkin_ws/devel/.private/my_custom_action_message/share/roseus/ros/my_custom_action_message/msg/CustomActionGoal.l, /home/user/catkin_ws/devel/share/roseus/ros/my_custom_action_message/msg/CustomActionGoal.l)
Linked: (/home/user/catkin_ws/devel/.private/my_custom_action_message/share/gennodejs/ros/my_custom_action_message/_index.js, /home/user/catkin_ws/devel/share/gennodejs/ros/my_custom_action_message/_index.js)
Linked: (/home/user/catkin_ws/devel/.private/my_custom_action_message/share/gennodejs/ros/my_custom_action_message/msg/CustomActionFeedback.js, /home/user/catkin_ws/devel/share/gennodejs/ros/my_custom_action_message/msg/CustomActionFeedback.js)
Linked: (/home/user/catkin_ws/devel/.private/my_custom_action_message/share/gennodejs/ros/my_custom_action_message/msg/_index.js, /home/user/catkin_ws/devel/share/gennodejs/ros/my_custom_action_message/msg/_index.js)
Linked: (/home/user/catkin_ws/devel/.private/my_custom_action_message/share/gennodejs/ros/my_custom_action_message/msg/CustomAction.js, /home/user/catkin_ws/devel/share/gennodejs/ros/my_custom_action_message/msg/CustomAction.js)
Linked: (/home/user/catkin_ws/devel/.private/my_custom_action_message/share/gennodejs/ros/my_custom_action_message/msg/CustomGoal.js, /home/user/catkin_ws/devel/share/gennodejs/ros/my_custom_action_message/msg/CustomGoal.js)
Linked: (/home/user/catkin_ws/devel/.private/my_custom_action_message/share/gennodejs/ros/my_custom_action_message/msg/CustomResult.js, /home/user/catkin_ws/devel/share/gennodejs/ros/my_custom_action_message/msg/CustomResult.js)
Linked: (/home/user/catkin_ws/devel/.private/my_custom_action_message/share/gennodejs/ros/my_custom_action_message/msg/CustomActionGoal.js, /home/user/catkin_ws/devel/share/gennodejs/ros/my_custom_action_message/msg/CustomActionGoal.js)
Linked: (/home/user/catkin_ws/devel/.private/my_custom_action_message/share/gennodejs/ros/my_custom_action_message/msg/CustomFeedback.js, /home/user/catkin_ws/devel/share/gennodejs/ros/my_custom_action_message/msg/CustomFeedback.js)
Linked: (/home/user/catkin_ws/devel/.private/my_custom_action_message/share/gennodejs/ros/my_custom_action_message/msg/CustomActionResult.js, /home/user/catkin_ws/devel/share/gennodejs/ros/my_custom_action_message/msg/CustomActionResult.js)
Linked: (/home/user/catkin_ws/devel/.private/my_custom_action_message/share/my_custom_action_message/msg/CustomGoal.msg, /home/user/catkin_ws/devel/share/my_custom_action_message/msg/CustomGoal.msg)
Linked: (/home/user/catkin_ws/devel/.private/my_custom_action_message/share/my_custom_action_message/msg/CustomResult.msg, /home/user/catkin_ws/devel/share/my_custom_action_message/msg/CustomResult.msg)
Linked: (/home/user/catkin_ws/devel/.private/my_custom_action_message/share/my_custom_action_message/msg/CustomActionGoal.msg, /home/user/catkin_ws/devel/share/my_custom_action_message/msg/CustomActionGoal.msg)
Linked: (/home/user/catkin_ws/devel/.private/my_custom_action_message/share/my_custom_action_message/msg/CustomFeedback.msg, /home/user/catkin_ws/devel/share/my_custom_action_message/msg/CustomFeedback.msg)
Linked: (/home/user/catkin_ws/devel/.private/my_custom_action_message/share/my_custom_action_message/msg/CustomActionFeedback.msg, /home/user/catkin_ws/devel/share/my_custom_action_message/msg/CustomActionFeedback.msg)
Linked: (/home/user/catkin_ws/devel/.private/my_custom_action_message/share/my_custom_action_message/msg/CustomAction.msg, /home/user/catkin_ws/devel/share/my_custom_action_message/msg/CustomAction.msg)
Linked: (/home/user/catkin_ws/devel/.private/my_custom_action_message/share/my_custom_action_message/msg/CustomActionResult.msg, /home/user/catkin_ws/devel/share/my_custom_action_message/msg/CustomActionResult.msg)
Linked: (/home/user/catkin_ws/devel/.private/my_custom_action_message/share/my_custom_action_message/cmake/my_custom_action_messageConfig-version.cmake, /home/user/catkin_ws/devel/share/my_custom_action_message/cmake/my_custom_action_messageConfig-version.cmake)
Linked: (/home/user/catkin_ws/devel/.private/my_custom_action_message/share/my_custom_action_message/cmake/my_custom_action_messageConfig.cmake, /home/user/catkin_ws/devel/share/my_custom_action_message/cmake/my_custom_action_messageConfig.cmake)
Linked: (/home/user/catkin_ws/devel/.private/my_custom_action_message/share/my_custom_action_message/cmake/my_custom_action_message-msg-extras.cmake, /home/user/catkin_ws/devel/share/my_custom_action_message/cmake/my_custom_action_message-msg-extras.cmake)
Linked: (/home/user/catkin_ws/devel/.private/my_custom_action_message/share/my_custom_action_message/cmake/my_custom_action_message-msg-paths.cmake, /home/user/catkin_ws/devel/share/my_custom_action_message/cmake/my_custom_action_message-msg-paths.cmake)
