[  0%] Built target std_msgs_generate_messages_eus
[  0%] Built target std_msgs_generate_messages_nodejs
[  0%] Built target actionlib_msgs_generate_messages_eus
[  0%] Built target std_msgs_generate_messages_lisp
[  0%] Built target actionlib_msgs_generate_messages_nodejs
[  0%] Built target _my_custom_action_message_generate_messages_check_deps_CustomActionResult
[  0%] Built target _my_custom_action_message_generate_messages_check_deps_CustomActionFeedback
[  0%] Built target _my_custom_action_message_generate_messages_check_deps_CustomFeedback
[  0%] Built target _my_custom_action_message_generate_messages_check_deps_CustomAction
[  0%] Built target _my_custom_action_message_generate_messages_check_deps_CustomGoal
[  0%] Built target std_msgs_generate_messages_py
[  0%] Built target actionlib_msgs_generate_messages_lisp
[  0%] Built target actionlib_msgs_generate_messages_py
[  0%] Built target actionlib_msgs_generate_messages_cpp
[  0%] Built target std_msgs_generate_messages_cpp
[  0%] Built target _my_custom_action_message_generate_messages_check_deps_CustomActionGoal
[  0%] Built target _my_custom_action_message_generate_messages_check_deps_CustomResult
[ 43%] Built target my_custom_action_message_generate_messages_nodejs
[ 43%] Built target my_custom_action_message_generate_messages_lisp
[ 81%] Built target my_custom_action_message_generate_messages_eus
[ 81%] Built target my_custom_action_message_generate_messages_py
[100%] Built target my_custom_action_message_generate_messages_cpp
[100%] Built target my_custom_action_message_generate_messages
