[35m[1mScanning dependencies of target std_msgs_generate_messages_py[0m
[35m[1mScanning dependencies of target _exercise_33_generate_messages_check_deps_Age[0m
[35m[1mScanning dependencies of target std_msgs_generate_messages_nodejs[0m
[35m[1mScanning dependencies of target std_msgs_generate_messages_cpp[0m
[35m[1mScanning dependencies of target std_msgs_generate_messages_eus[0m
[35m[1mScanning dependencies of target std_msgs_generate_messages_lisp[0m
[35m[1mScanning dependencies of target _exercise_33_generate_messages_check_deps_test[0m
[  0%] Built target std_msgs_generate_messages_eus
[  0%] Built target std_msgs_generate_messages_nodejs
[  0%] Built target std_msgs_generate_messages_cpp
[  0%] Built target std_msgs_generate_messages_lisp
[  0%] Built target std_msgs_generate_messages_py
[  0%] Built target _exercise_33_generate_messages_check_deps_test
[  0%] Built target _exercise_33_generate_messages_check_deps_Age
[35m[1mScanning dependencies of target exercise_33_generate_messages_py[0m
[35m[1mScanning dependencies of target exercise_33_generate_messages_nodejs[0m
[35m[1mScanning dependencies of target exercise_33_generate_messages_eus[0m
[35m[1mScanning dependencies of target exercise_33_generate_messages_lisp[0m
[ 16%] Built target exercise_33_generate_messages_nodejs
[35m[1mScanning dependencies of target exercise_33_generate_messages_cpp[0m
[ 41%] Built target exercise_33_generate_messages_py
[ 66%] Built target exercise_33_generate_messages_eus
[ 83%] Built target exercise_33_generate_messages_cpp
[100%] Built target exercise_33_generate_messages_lisp
[35m[1mScanning dependencies of target exercise_33_generate_messages[0m
[100%] Built target exercise_33_generate_messages
