[35m[1mScanning dependencies of target _exercise_33_generate_messages_check_deps_Age[0m
[35m[1mScanning dependencies of target std_msgs_generate_messages_lisp[0m
[35m[1mScanning dependencies of target std_msgs_generate_messages_py[0m
[35m[1mScanning dependencies of target std_msgs_generate_messages_cpp[0m
[35m[1mScanning dependencies of target std_msgs_generate_messages_nodejs[0m
[35m[1mScanning dependencies of target std_msgs_generate_messages_eus[0m
[  0%] Built target std_msgs_generate_messages_lisp
[  0%] Built target std_msgs_generate_messages_nodejs
[  0%] Built target std_msgs_generate_messages_cpp
[  0%] Built target std_msgs_generate_messages_py
[  0%] Built target std_msgs_generate_messages_eus
[  0%] Built target _exercise_33_generate_messages_check_deps_Age
[35m[1mScanning dependencies of target exercise_33_generate_messages_cpp[0m
[35m[1mScanning dependencies of target exercise_33_generate_messages_py[0m
[35m[1mScanning dependencies of target exercise_33_generate_messages_lisp[0m
[35m[1mScanning dependencies of target exercise_33_generate_messages_eus[0m
[35m[1mScanning dependencies of target exercise_33_generate_messages_nodejs[0m
[ 14%] [34m[1mGenerating Lisp code from exercise_33/Age.msg[0m
[ 28%] [34m[1mGenerating EusLisp code from exercise_33/Age.msg[0m
[ 42%] [34m[1mGenerating EusLisp manifest code for exercise_33[0m
[ 57%] [34m[1mGenerating C++ code from exercise_33/Age.msg[0m
[ 71%] [34m[1mGenerating Python from MSG exercise_33/Age[0m
[ 85%] [34m[1mGenerating Javascript code from exercise_33/Age.msg[0m
[ 85%] Built target exercise_33_generate_messages_lisp
[100%] [34m[1mGenerating Python msg __init__.py for exercise_33[0m
[100%] Built target exercise_33_generate_messages_nodejs
[100%] Built target exercise_33_generate_messages_cpp
[100%] Built target exercise_33_generate_messages_py
[100%] Built target exercise_33_generate_messages_eus
[35m[1mScanning dependencies of target exercise_33_generate_messages[0m
[100%] Built target exercise_33_generate_messages
