Linked: (/home/user/catkin_ws/devel/.private/exercise_33/lib/pkgconfig/exercise_33.pc, /home/user/catkin_ws/devel/lib/pkgconfig/exercise_33.pc)
Linked: (/home/user/catkin_ws/devel/.private/exercise_33/lib/python3/dist-packages/exercise_33/__init__.py, /home/user/catkin_ws/devel/lib/python3/dist-packages/exercise_33/__init__.py)
Linked: (/home/user/catkin_ws/devel/.private/exercise_33/lib/python3/dist-packages/exercise_33/msg/_Age.py, /home/user/catkin_ws/devel/lib/python3/dist-packages/exercise_33/msg/_Age.py)
Symlinking /home/user/catkin_ws/devel/lib/python3/dist-packages/exercise_33/msg/_test.py
Linked: (/home/user/catkin_ws/devel/.private/exercise_33/lib/python3/dist-packages/exercise_33/msg/__init__.py, /home/user/catkin_ws/devel/lib/python3/dist-packages/exercise_33/msg/__init__.py)
Symlinking /home/user/catkin_ws/devel/include/exercise_33/test.h
Linked: (/home/user/catkin_ws/devel/.private/exercise_33/include/exercise_33/Age.h, /home/user/catkin_ws/devel/include/exercise_33/Age.h)
Linked: (/home/user/catkin_ws/devel/.private/exercise_33/share/common-lisp/ros/exercise_33/msg/_package_Age.lisp, /home/user/catkin_ws/devel/share/common-lisp/ros/exercise_33/msg/_package_Age.lisp)
Linked: (/home/user/catkin_ws/devel/.private/exercise_33/share/common-lisp/ros/exercise_33/msg/Age.lisp, /home/user/catkin_ws/devel/share/common-lisp/ros/exercise_33/msg/Age.lisp)
Linked: (/home/user/catkin_ws/devel/.private/exercise_33/share/common-lisp/ros/exercise_33/msg/_package.lisp, /home/user/catkin_ws/devel/share/common-lisp/ros/exercise_33/msg/_package.lisp)
Symlinking /home/user/catkin_ws/devel/share/common-lisp/ros/exercise_33/msg/test.lisp
Symlinking /home/user/catkin_ws/devel/share/common-lisp/ros/exercise_33/msg/_package_test.lisp
Linked: (/home/user/catkin_ws/devel/.private/exercise_33/share/common-lisp/ros/exercise_33/msg/exercise_33-msg.asd, /home/user/catkin_ws/devel/share/common-lisp/ros/exercise_33/msg/exercise_33-msg.asd)
Linked: (/home/user/catkin_ws/devel/.private/exercise_33/share/exercise_33/cmake/exercise_33-msg-paths.cmake, /home/user/catkin_ws/devel/share/exercise_33/cmake/exercise_33-msg-paths.cmake)
Linked: (/home/user/catkin_ws/devel/.private/exercise_33/share/exercise_33/cmake/exercise_33Config.cmake, /home/user/catkin_ws/devel/share/exercise_33/cmake/exercise_33Config.cmake)
Linked: (/home/user/catkin_ws/devel/.private/exercise_33/share/exercise_33/cmake/exercise_33Config-version.cmake, /home/user/catkin_ws/devel/share/exercise_33/cmake/exercise_33Config-version.cmake)
Linked: (/home/user/catkin_ws/devel/.private/exercise_33/share/exercise_33/cmake/exercise_33-msg-extras.cmake, /home/user/catkin_ws/devel/share/exercise_33/cmake/exercise_33-msg-extras.cmake)
Linked: (/home/user/catkin_ws/devel/.private/exercise_33/share/roseus/ros/exercise_33/manifest.l, /home/user/catkin_ws/devel/share/roseus/ros/exercise_33/manifest.l)
Linked: (/home/user/catkin_ws/devel/.private/exercise_33/share/roseus/ros/exercise_33/msg/Age.l, /home/user/catkin_ws/devel/share/roseus/ros/exercise_33/msg/Age.l)
Symlinking /home/user/catkin_ws/devel/share/roseus/ros/exercise_33/msg/test.l
Linked: (/home/user/catkin_ws/devel/.private/exercise_33/share/gennodejs/ros/exercise_33/_index.js, /home/user/catkin_ws/devel/share/gennodejs/ros/exercise_33/_index.js)
Linked: (/home/user/catkin_ws/devel/.private/exercise_33/share/gennodejs/ros/exercise_33/msg/_index.js, /home/user/catkin_ws/devel/share/gennodejs/ros/exercise_33/msg/_index.js)
Linked: (/home/user/catkin_ws/devel/.private/exercise_33/share/gennodejs/ros/exercise_33/msg/Age.js, /home/user/catkin_ws/devel/share/gennodejs/ros/exercise_33/msg/Age.js)
Symlinking /home/user/catkin_ws/devel/share/gennodejs/ros/exercise_33/msg/test.js
