[35m[1mScanning dependencies of target _exercise_33_generate_messages_check_deps_test[0m
[  0%] Built target std_msgs_generate_messages_py
[  0%] Built target std_msgs_generate_messages_lisp
[  0%] Built target std_msgs_generate_messages_eus
[  0%] Built target std_msgs_generate_messages_nodejs
[  0%] Built target std_msgs_generate_messages_cpp
[  0%] Built target _exercise_33_generate_messages_check_deps_Age
[  0%] Built target _exercise_33_generate_messages_check_deps_test
[  8%] [34m[1mGenerating Python from MSG exercise_33/test[0m
[ 25%] [34m[1mGenerating Lisp code from exercise_33/test.msg[0m
[ 25%] [34m[1mGenerating EusLisp code from exercise_33/test.msg[0m
[ 33%] [34m[1mGenerating C++ code from exercise_33/test.msg[0m
[ 41%] [34m[1mGenerating Javascript code from exercise_33/test.msg[0m
[ 50%] Built target exercise_33_generate_messages_lisp
[ 58%] Built target exercise_33_generate_messages_nodejs
[ 66%] [34m[1mGenerating Python msg __init__.py for exercise_33[0m
[ 83%] Built target exercise_33_generate_messages_eus
[ 91%] Built target exercise_33_generate_messages_cpp
[100%] Built target exercise_33_generate_messages_py
[100%] Built target exercise_33_generate_messages
