Linked: (/home/user/catkin_ws/devel/.private/services_quiz/lib/pkgconfig/services_quiz.pc, /home/user/catkin_ws/devel/lib/pkgconfig/services_quiz.pc)
Linked: (/home/user/catkin_ws/devel/.private/services_quiz/lib/python3/dist-packages/BB8CustomServiceMessage/__init__.py, /home/user/catkin_ws/devel/lib/python3/dist-packages/BB8CustomServiceMessage/__init__.py)
Linked: (/home/user/catkin_ws/devel/.private/services_quiz/lib/python3/dist-packages/services_quiz/__init__.py, /home/user/catkin_ws/devel/lib/python3/dist-packages/services_quiz/__init__.py)
Linked: (/home/user/catkin_ws/devel/.private/services_quiz/lib/python3/dist-packages/services_quiz/srv/__init__.py, /home/user/catkin_ws/devel/lib/python3/dist-packages/services_quiz/srv/__init__.py)
Linked: (/home/user/catkin_ws/devel/.private/services_quiz/lib/python3/dist-packages/services_quiz/srv/_BB8CustomServiceMessage.py, /home/user/catkin_ws/devel/lib/python3/dist-packages/services_quiz/srv/_BB8CustomServiceMessage.py)
Linked: (/home/user/catkin_ws/devel/.private/services_quiz/include/services_quiz/BB8CustomServiceMessage.h, /home/user/catkin_ws/devel/include/services_quiz/BB8CustomServiceMessage.h)
Linked: (/home/user/catkin_ws/devel/.private/services_quiz/include/services_quiz/BB8CustomServiceMessageResponse.h, /home/user/catkin_ws/devel/include/services_quiz/BB8CustomServiceMessageResponse.h)
Linked: (/home/user/catkin_ws/devel/.private/services_quiz/include/services_quiz/BB8CustomServiceMessageRequest.h, /home/user/catkin_ws/devel/include/services_quiz/BB8CustomServiceMessageRequest.h)
Linked: (/home/user/catkin_ws/devel/.private/services_quiz/share/common-lisp/ros/services_quiz/srv/services_quiz-srv.asd, /home/user/catkin_ws/devel/share/common-lisp/ros/services_quiz/srv/services_quiz-srv.asd)
Linked: (/home/user/catkin_ws/devel/.private/services_quiz/share/common-lisp/ros/services_quiz/srv/_package.lisp, /home/user/catkin_ws/devel/share/common-lisp/ros/services_quiz/srv/_package.lisp)
Linked: (/home/user/catkin_ws/devel/.private/services_quiz/share/common-lisp/ros/services_quiz/srv/_package_BB8CustomServiceMessage.lisp, /home/user/catkin_ws/devel/share/common-lisp/ros/services_quiz/srv/_package_BB8CustomServiceMessage.lisp)
Linked: (/home/user/catkin_ws/devel/.private/services_quiz/share/common-lisp/ros/services_quiz/srv/BB8CustomServiceMessage.lisp, /home/user/catkin_ws/devel/share/common-lisp/ros/services_quiz/srv/BB8CustomServiceMessage.lisp)
Linked: (/home/user/catkin_ws/devel/.private/services_quiz/share/BB8CustomServiceMessage/cmake/BB8CustomServiceMessage-msg-paths.cmake, /home/user/catkin_ws/devel/share/BB8CustomServiceMessage/cmake/BB8CustomServiceMessage-msg-paths.cmake)
Linked: (/home/user/catkin_ws/devel/.private/services_quiz/share/roseus/ros/services_quiz/manifest.l, /home/user/catkin_ws/devel/share/roseus/ros/services_quiz/manifest.l)
Linked: (/home/user/catkin_ws/devel/.private/services_quiz/share/roseus/ros/services_quiz/srv/BB8CustomServiceMessage.l, /home/user/catkin_ws/devel/share/roseus/ros/services_quiz/srv/BB8CustomServiceMessage.l)
Linked: (/home/user/catkin_ws/devel/.private/services_quiz/share/gennodejs/ros/services_quiz/_index.js, /home/user/catkin_ws/devel/share/gennodejs/ros/services_quiz/_index.js)
Linked: (/home/user/catkin_ws/devel/.private/services_quiz/share/gennodejs/ros/services_quiz/srv/_index.js, /home/user/catkin_ws/devel/share/gennodejs/ros/services_quiz/srv/_index.js)
Linked: (/home/user/catkin_ws/devel/.private/services_quiz/share/gennodejs/ros/services_quiz/srv/BB8CustomServiceMessage.js, /home/user/catkin_ws/devel/share/gennodejs/ros/services_quiz/srv/BB8CustomServiceMessage.js)
Linked: (/home/user/catkin_ws/devel/.private/services_quiz/share/services_quiz/cmake/services_quizConfig-version.cmake, /home/user/catkin_ws/devel/share/services_quiz/cmake/services_quizConfig-version.cmake)
Linked: (/home/user/catkin_ws/devel/.private/services_quiz/share/services_quiz/cmake/services_quiz-msg-extras.cmake, /home/user/catkin_ws/devel/share/services_quiz/cmake/services_quiz-msg-extras.cmake)
Linked: (/home/user/catkin_ws/devel/.private/services_quiz/share/services_quiz/cmake/services_quiz-msg-paths.cmake, /home/user/catkin_ws/devel/share/services_quiz/cmake/services_quiz-msg-paths.cmake)
Linked: (/home/user/catkin_ws/devel/.private/services_quiz/share/services_quiz/cmake/services_quizConfig.cmake, /home/user/catkin_ws/devel/share/services_quiz/cmake/services_quizConfig.cmake)
