Symlinking /home/user/catkin_ws/devel/lib/pkgconfig/services_quiz.pc
Symlinking /home/user/catkin_ws/devel/lib/python3/dist-packages/BB8CustomServiceMessage/__init__.py
Symlinking /home/user/catkin_ws/devel/lib/python3/dist-packages/services_quiz/__init__.py
Symlinking /home/user/catkin_ws/devel/lib/python3/dist-packages/services_quiz/srv/__init__.py
Symlinking /home/user/catkin_ws/devel/lib/python3/dist-packages/services_quiz/srv/_BB8CustomServiceMessage.py
Symlinking /home/user/catkin_ws/devel/include/services_quiz/BB8CustomServiceMessage.h
Symlinking /home/user/catkin_ws/devel/include/services_quiz/BB8CustomServiceMessageResponse.h
Symlinking /home/user/catkin_ws/devel/include/services_quiz/BB8CustomServiceMessageRequest.h
Symlinking /home/user/catkin_ws/devel/share/common-lisp/ros/services_quiz/srv/services_quiz-srv.asd
Symlinking /home/user/catkin_ws/devel/share/common-lisp/ros/services_quiz/srv/_package.lisp
Symlinking /home/user/catkin_ws/devel/share/common-lisp/ros/services_quiz/srv/_package_BB8CustomServiceMessage.lisp
Symlinking /home/user/catkin_ws/devel/share/common-lisp/ros/services_quiz/srv/BB8CustomServiceMessage.lisp
Symlinking /home/user/catkin_ws/devel/share/BB8CustomServiceMessage/cmake/BB8CustomServiceMessage-msg-paths.cmake
Symlinking /home/user/catkin_ws/devel/share/roseus/ros/services_quiz/manifest.l
Symlinking /home/user/catkin_ws/devel/share/roseus/ros/services_quiz/srv/BB8CustomServiceMessage.l
Symlinking /home/user/catkin_ws/devel/share/gennodejs/ros/services_quiz/_index.js
Symlinking /home/user/catkin_ws/devel/share/gennodejs/ros/services_quiz/srv/_index.js
Symlinking /home/user/catkin_ws/devel/share/gennodejs/ros/services_quiz/srv/BB8CustomServiceMessage.js
Symlinking /home/user/catkin_ws/devel/share/services_quiz/cmake/services_quizConfig-version.cmake
Symlinking /home/user/catkin_ws/devel/share/services_quiz/cmake/services_quiz-msg-extras.cmake
Symlinking /home/user/catkin_ws/devel/share/services_quiz/cmake/services_quiz-msg-paths.cmake
Symlinking /home/user/catkin_ws/devel/share/services_quiz/cmake/services_quizConfig.cmake
