Linked: (/home/user/catkin_ws/devel/.private/action_quiz/lib/pkgconfig/action_quiz.pc, /home/user/catkin_ws/devel/lib/pkgconfig/action_quiz.pc)
Symlinking /home/user/catkin_ws/devel/lib/python3/dist-packages/action_quiz/__init__.py
Symlinking /home/user/catkin_ws/devel/lib/python3/dist-packages/action_quiz/msg/_CustomActionMsgActionFeedback.py
Symlinking /home/user/catkin_ws/devel/lib/python3/dist-packages/action_quiz/msg/_CustomActionMsgAction.py
Symlinking /home/user/catkin_ws/devel/lib/python3/dist-packages/action_quiz/msg/_CustomActionMsgFeedback.py
Symlinking /home/user/catkin_ws/devel/lib/python3/dist-packages/action_quiz/msg/__init__.py
Symlinking /home/user/catkin_ws/devel/lib/python3/dist-packages/action_quiz/msg/_CustomActionMsgActionGoal.py
Symlinking /home/user/catkin_ws/devel/lib/python3/dist-packages/action_quiz/msg/_CustomActionMsgGoal.py
Symlinking /home/user/catkin_ws/devel/lib/python3/dist-packages/action_quiz/msg/_CustomActionMsgResult.py
Symlinking /home/user/catkin_ws/devel/lib/python3/dist-packages/action_quiz/msg/_CustomActionMsgActionResult.py
Symlinking /home/user/catkin_ws/devel/include/action_quiz/CustomActionMsgAction.h
Symlinking /home/user/catkin_ws/devel/include/action_quiz/CustomActionMsgFeedback.h
Symlinking /home/user/catkin_ws/devel/include/action_quiz/CustomActionMsgActionGoal.h
Symlinking /home/user/catkin_ws/devel/include/action_quiz/CustomActionMsgActionResult.h
Symlinking /home/user/catkin_ws/devel/include/action_quiz/CustomActionMsgResult.h
Symlinking /home/user/catkin_ws/devel/include/action_quiz/CustomActionMsgActionFeedback.h
Symlinking /home/user/catkin_ws/devel/include/action_quiz/CustomActionMsgGoal.h
Symlinking /home/user/catkin_ws/devel/share/common-lisp/ros/action_quiz/msg/_package_CustomActionMsgGoal.lisp
Symlinking /home/user/catkin_ws/devel/share/common-lisp/ros/action_quiz/msg/CustomActionMsgActionResult.lisp
Symlinking /home/user/catkin_ws/devel/share/common-lisp/ros/action_quiz/msg/action_quiz-msg.asd
Symlinking /home/user/catkin_ws/devel/share/common-lisp/ros/action_quiz/msg/CustomActionMsgGoal.lisp
Symlinking /home/user/catkin_ws/devel/share/common-lisp/ros/action_quiz/msg/_package_CustomActionMsgAction.lisp
Symlinking /home/user/catkin_ws/devel/share/common-lisp/ros/action_quiz/msg/CustomActionMsgActionFeedback.lisp
Symlinking /home/user/catkin_ws/devel/share/common-lisp/ros/action_quiz/msg/_package_CustomActionMsgActionGoal.lisp
Symlinking /home/user/catkin_ws/devel/share/common-lisp/ros/action_quiz/msg/CustomActionMsgActionGoal.lisp
Symlinking /home/user/catkin_ws/devel/share/common-lisp/ros/action_quiz/msg/_package_CustomActionMsgActionFeedback.lisp
Symlinking /home/user/catkin_ws/devel/share/common-lisp/ros/action_quiz/msg/_package_CustomActionMsgResult.lisp
Symlinking /home/user/catkin_ws/devel/share/common-lisp/ros/action_quiz/msg/_package_CustomActionMsgFeedback.lisp
Symlinking /home/user/catkin_ws/devel/share/common-lisp/ros/action_quiz/msg/CustomActionMsgFeedback.lisp
Symlinking /home/user/catkin_ws/devel/share/common-lisp/ros/action_quiz/msg/_package_CustomActionMsgActionResult.lisp
Symlinking /home/user/catkin_ws/devel/share/common-lisp/ros/action_quiz/msg/_package.lisp
Symlinking /home/user/catkin_ws/devel/share/common-lisp/ros/action_quiz/msg/CustomActionMsgResult.lisp
Symlinking /home/user/catkin_ws/devel/share/common-lisp/ros/action_quiz/msg/CustomActionMsgAction.lisp
Symlinking /home/user/catkin_ws/devel/share/action_quiz/msg/CustomActionMsgActionFeedback.msg
Symlinking /home/user/catkin_ws/devel/share/action_quiz/msg/CustomActionMsgActionResult.msg
Symlinking /home/user/catkin_ws/devel/share/action_quiz/msg/CustomActionMsgAction.msg
Symlinking /home/user/catkin_ws/devel/share/action_quiz/msg/CustomActionMsgGoal.msg
Symlinking /home/user/catkin_ws/devel/share/action_quiz/msg/CustomActionMsgFeedback.msg
Symlinking /home/user/catkin_ws/devel/share/action_quiz/msg/CustomActionMsgActionGoal.msg
Symlinking /home/user/catkin_ws/devel/share/action_quiz/msg/CustomActionMsgResult.msg
Linked: (/home/user/catkin_ws/devel/.private/action_quiz/share/action_quiz/cmake/action_quizConfig-version.cmake, /home/user/catkin_ws/devel/share/action_quiz/cmake/action_quizConfig-version.cmake)
Symlinking /home/user/catkin_ws/devel/share/action_quiz/cmake/action_quiz-msg-paths.cmake
Symlinking /home/user/catkin_ws/devel/share/action_quiz/cmake/action_quiz-msg-extras.cmake
Linked: (/home/user/catkin_ws/devel/.private/action_quiz/share/action_quiz/cmake/action_quizConfig.cmake, /home/user/catkin_ws/devel/share/action_quiz/cmake/action_quizConfig.cmake)
Symlinking /home/user/catkin_ws/devel/share/roseus/ros/action_quiz/manifest.l
Symlinking /home/user/catkin_ws/devel/share/roseus/ros/action_quiz/msg/CustomActionMsgActionResult.l
Symlinking /home/user/catkin_ws/devel/share/roseus/ros/action_quiz/msg/CustomActionMsgActionGoal.l
Symlinking /home/user/catkin_ws/devel/share/roseus/ros/action_quiz/msg/CustomActionMsgGoal.l
Symlinking /home/user/catkin_ws/devel/share/roseus/ros/action_quiz/msg/CustomActionMsgActionFeedback.l
Symlinking /home/user/catkin_ws/devel/share/roseus/ros/action_quiz/msg/CustomActionMsgFeedback.l
Symlinking /home/user/catkin_ws/devel/share/roseus/ros/action_quiz/msg/CustomActionMsgResult.l
Symlinking /home/user/catkin_ws/devel/share/roseus/ros/action_quiz/msg/CustomActionMsgAction.l
Symlinking /home/user/catkin_ws/devel/share/gennodejs/ros/action_quiz/_index.js
Symlinking /home/user/catkin_ws/devel/share/gennodejs/ros/action_quiz/msg/_index.js
Symlinking /home/user/catkin_ws/devel/share/gennodejs/ros/action_quiz/msg/CustomActionMsgActionGoal.js
Symlinking /home/user/catkin_ws/devel/share/gennodejs/ros/action_quiz/msg/CustomActionMsgGoal.js
Symlinking /home/user/catkin_ws/devel/share/gennodejs/ros/action_quiz/msg/CustomActionMsgActionResult.js
Symlinking /home/user/catkin_ws/devel/share/gennodejs/ros/action_quiz/msg/CustomActionMsgActionFeedback.js
Symlinking /home/user/catkin_ws/devel/share/gennodejs/ros/action_quiz/msg/CustomActionMsgFeedback.js
Symlinking /home/user/catkin_ws/devel/share/gennodejs/ros/action_quiz/msg/CustomActionMsgAction.js
Symlinking /home/user/catkin_ws/devel/share/gennodejs/ros/action_quiz/msg/CustomActionMsgResult.js
