[  0%] Built target actionlib_msgs_generate_messages_lisp
[  0%] Built target std_msgs_generate_messages_lisp
[  0%] Built target actionlib_msgs_generate_messages_nodejs
[  0%] Built target std_msgs_generate_messages_cpp
[  0%] Built target _action_quiz_generate_messages_check_deps_CustomActionMsgGoal
[  0%] Built target _action_quiz_generate_messages_check_deps_CustomActionMsgAction
[  0%] Built target std_msgs_generate_messages_nodejs
[  0%] Built target std_msgs_generate_messages_py
[  0%] Built target _action_quiz_generate_messages_check_deps_CustomActionMsgActionResult
[  0%] Built target actionlib_msgs_generate_messages_cpp
[  0%] Built target actionlib_msgs_generate_messages_py
[  0%] Built target _action_quiz_generate_messages_check_deps_CustomActionMsgActionFeedback
[  0%] Built target _action_quiz_generate_messages_check_deps_CustomActionMsgFeedback
[  0%] Built target std_msgs_generate_messages_eus
[  0%] Built target actionlib_msgs_generate_messages_eus
[  0%] Built target _action_quiz_generate_messages_check_deps_CustomActionMsgResult
[  0%] Built target _action_quiz_generate_messages_check_deps_CustomActionMsgActionGoal
[ 21%] Built target action_quiz_generate_messages_eus
[ 40%] Built target action_quiz_generate_messages_cpp
[ 62%] Built target action_quiz_generate_messages_py
[ 81%] Built target action_quiz_generate_messages_lisp
[100%] Built target action_quiz_generate_messages_nodejs
[100%] Built target action_quiz_generate_messages
