[35m[1mScanning dependencies of target actionlib_msgs_generate_messages_lisp[0m
[35m[1mScanning dependencies of target std_msgs_generate_messages_lisp[0m
[35m[1mScanning dependencies of target _action_quiz_generate_messages_check_deps_CustomActionMsgActionResult[0m
[35m[1mScanning dependencies of target _action_quiz_generate_messages_check_deps_CustomActionMsgAction[0m
[  0%] Built target actionlib_msgs_generate_messages_lisp
[35m[1mScanning dependencies of target _action_quiz_generate_messages_check_deps_CustomActionMsgActionGoal[0m
[35m[1mScanning dependencies of target _action_quiz_generate_messages_check_deps_CustomActionMsgResult[0m
[35m[1mScanning dependencies of target _action_quiz_generate_messages_check_deps_CustomActionMsgActionFeedback[0m
[35m[1mScanning dependencies of target _action_quiz_generate_messages_check_deps_CustomActionMsgGoal[0m
[  0%] Built target std_msgs_generate_messages_lisp
[35m[1mScanning dependencies of target _action_quiz_generate_messages_check_deps_CustomActionMsgFeedback[0m
[35m[1mScanning dependencies of target actionlib_msgs_generate_messages_nodejs[0m
[35m[1mScanning dependencies of target std_msgs_generate_messages_nodejs[0m
[35m[1mScanning dependencies of target actionlib_msgs_generate_messages_cpp[0m
[35m[1mScanning dependencies of target actionlib_msgs_generate_messages_py[0m
[  0%] Built target _action_quiz_generate_messages_check_deps_CustomActionMsgActionGoal
[  0%] Built target _action_quiz_generate_messages_check_deps_CustomActionMsgActionResult
[35m[1mScanning dependencies of target std_msgs_generate_messages_cpp[0m
[  0%] Built target actionlib_msgs_generate_messages_nodejs
[  0%] Built target _action_quiz_generate_messages_check_deps_CustomActionMsgResult
[  0%] Built target actionlib_msgs_generate_messages_py
[  0%] Built target std_msgs_generate_messages_cpp
[  0%] Built target actionlib_msgs_generate_messages_cpp
[  0%] Built target std_msgs_generate_messages_nodejs
[  0%] Built target _action_quiz_generate_messages_check_deps_CustomActionMsgAction
[  0%] Built target _action_quiz_generate_messages_check_deps_CustomActionMsgGoal
[  0%] Built target _action_quiz_generate_messages_check_deps_CustomActionMsgFeedback
[35m[1mScanning dependencies of target std_msgs_generate_messages_py[0m
[35m[1mScanning dependencies of target std_msgs_generate_messages_eus[0m
[35m[1mScanning dependencies of target actionlib_msgs_generate_messages_eus[0m
[  0%] Built target _action_quiz_generate_messages_check_deps_CustomActionMsgActionFeedback
[  0%] Built target std_msgs_generate_messages_py
[  0%] Built target actionlib_msgs_generate_messages_eus
[35m[1mScanning dependencies of target action_quiz_generate_messages_lisp[0m
[35m[1mScanning dependencies of target action_quiz_generate_messages_nodejs[0m
[  0%] Built target std_msgs_generate_messages_eus
[35m[1mScanning dependencies of target action_quiz_generate_messages_cpp[0m
[  2%] [34m[1mGenerating Lisp code from action_quiz/CustomActionMsgActionGoal.msg[0m
[  5%] [34m[1mGenerating Lisp code from action_quiz/CustomActionMsgActionResult.msg[0m
[35m[1mScanning dependencies of target action_quiz_generate_messages_py[0m
[  8%] [34m[1mGenerating Javascript code from action_quiz/CustomActionMsgAction.msg[0m
[35m[1mScanning dependencies of target action_quiz_generate_messages_eus[0m
[ 10%] [34m[1mGenerating C++ code from action_quiz/CustomActionMsgActionGoal.msg[0m
[ 16%] [34m[1mGenerating C++ code from action_quiz/CustomActionMsgActionFeedback.msg[0m
[ 16%] [34m[1mGenerating Lisp code from action_quiz/CustomActionMsgAction.msg[0m
[ 37%] [34m[1mGenerating C++ code from action_quiz/CustomActionMsgGoal.msg[0m
[ 37%] [34m[1mGenerating Javascript code from action_quiz/CustomActionMsgActionGoal.msg[0m
[ 37%] [34m[1mGenerating Lisp code from action_quiz/CustomActionMsgGoal.msg[0m
[ 37%] [34m[1mGenerating C++ code from action_quiz/CustomActionMsgAction.msg[0m
[ 40%] [34m[1mGenerating Python from MSG action_quiz/CustomActionMsgAction[0m
[ 37%] [34m[1mGenerating C++ code from action_quiz/CustomActionMsgActionResult.msg[0m
[ 37%] [34m[1mGenerating Lisp code from action_quiz/CustomActionMsgResult.msg[0m
[ 37%] [34m[1mGenerating Lisp code from action_quiz/CustomActionMsgActionFeedback.msg[0m
[ 37%] [34m[1mGenerating Lisp code from action_quiz/CustomActionMsgFeedback.msg[0m
[ 43%] [34m[1mGenerating EusLisp code from action_quiz/CustomActionMsgAction.msg[0m
[ 45%] [34m[1mGenerating Python from MSG action_quiz/CustomActionMsgActionGoal[0m
[ 48%] [34m[1mGenerating EusLisp code from action_quiz/CustomActionMsgActionGoal.msg[0m
[ 51%] [34m[1mGenerating Javascript code from action_quiz/CustomActionMsgActionResult.msg[0m
[ 54%] [34m[1mGenerating Javascript code from action_quiz/CustomActionMsgActionFeedback.msg[0m
[ 56%] [34m[1mGenerating Javascript code from action_quiz/CustomActionMsgGoal.msg[0m
[ 59%] [34m[1mGenerating EusLisp code from action_quiz/CustomActionMsgActionResult.msg[0m
[ 59%] Built target action_quiz_generate_messages_lisp
[ 62%] [34m[1mGenerating Javascript code from action_quiz/CustomActionMsgResult.msg[0m
[ 64%] [34m[1mGenerating Javascript code from action_quiz/CustomActionMsgFeedback.msg[0m
[ 67%] [34m[1mGenerating Python from MSG action_quiz/CustomActionMsgActionResult[0m
[ 70%] [34m[1mGenerating C++ code from action_quiz/CustomActionMsgResult.msg[0m
[ 72%] [34m[1mGenerating EusLisp code from action_quiz/CustomActionMsgActionFeedback.msg[0m
[ 75%] [34m[1mGenerating C++ code from action_quiz/CustomActionMsgFeedback.msg[0m
[ 81%] [34m[1mGenerating Python from MSG action_quiz/CustomActionMsgActionFeedback[0m
[ 81%] [34m[1mGenerating EusLisp code from action_quiz/CustomActionMsgResult.msg[0m
[ 83%] [34m[1mGenerating EusLisp code from action_quiz/CustomActionMsgGoal.msg[0m
[ 89%] [34m[1mGenerating EusLisp manifest code for action_quiz[0m
[ 89%] [34m[1mGenerating EusLisp code from action_quiz/CustomActionMsgFeedback.msg[0m
[ 91%] [34m[1mGenerating Python from MSG action_quiz/CustomActionMsgGoal[0m
[ 94%] [34m[1mGenerating Python from MSG action_quiz/CustomActionMsgResult[0m
[ 97%] [34m[1mGenerating Python from MSG action_quiz/CustomActionMsgFeedback[0m
[ 94%] Built target action_quiz_generate_messages_nodejs
[100%] [34m[1mGenerating Python msg __init__.py for action_quiz[0m
[100%] Built target action_quiz_generate_messages_cpp
[100%] Built target action_quiz_generate_messages_py
[100%] Built target action_quiz_generate_messages_eus
[35m[1mScanning dependencies of target action_quiz_generate_messages[0m
[100%] Built target action_quiz_generate_messages
