[  0%] Built target std_msgs_generate_messages_lisp
[  0%] Built target actionlib_msgs_generate_messages_lisp
[  0%] Built target actionlib_msgs_generate_messages_py
[  0%] Built target actionlib_msgs_generate_messages_nodejs
[  0%] Built target std_msgs_generate_messages_nodejs
[  0%] Built target std_msgs_generate_messages_cpp
[  0%] Built target actionlib_msgs_generate_messages_cpp
[  0%] Built target _action_quiz_generate_messages_check_deps_CustomActionMsgAction
[  0%] Built target _action_quiz_generate_messages_check_deps_CustomActionMsgActionResult
[  0%] Built target _action_quiz_generate_messages_check_deps_CustomActionMsgActionGoal
[  0%] Built target _action_quiz_generate_messages_check_deps_CustomActionMsgActionFeedback
[  0%] Built target std_msgs_generate_messages_eus
[  0%] Built target actionlib_msgs_generate_messages_eus
[  0%] Built target std_msgs_generate_messages_py
[  0%] Built target _action_quiz_generate_messages_check_deps_CustomActionMsgResult
[  0%] Built target _action_quiz_generate_messages_check_deps_CustomActionMsgGoal
[  0%] Built target _action_quiz_generate_messages_check_deps_CustomActionMsgFeedback
[ 18%] Built target action_quiz_generate_messages_nodejs
[ 40%] Built target action_quiz_generate_messages_py
[ 59%] Built target action_quiz_generate_messages_lisp
[ 81%] Built target action_quiz_generate_messages_eus
[100%] Built target action_quiz_generate_messages_cpp
[100%] Built target action_quiz_generate_messages
