Not searching for unused variables given on the command line.
[36m--[0m The C compiler identification is GNU 9.3.0
[36m--[0m The CXX compiler identification is GNU 9.3.0
[36m--[0m Check for working C compiler: /usr/bin/cc
[36m--[0m Check for working C compiler: /usr/bin/cc -- works
[36m--[0m Detecting C compiler ABI info
[36m--[0m Detecting C compiler ABI info - done
[36m--[0m Detecting C compile features
[36m--[0m Detecting C compile features - done
[36m--[0m Check for working CXX compiler: /usr/bin/c++
[36m--[0m Check for working CXX compiler: /usr/bin/c++ -- works
[36m--[0m Detecting CXX compiler ABI info
[36m--[0m Detecting CXX compiler ABI info - done
[36m--[0m Detecting CXX compile features
[36m--[0m Detecting CXX compile features - done
[31m[1mCMake Error[0m at /home/user/catkin_ws/src/robot_age/CMakeLists.txt:10 (find_package):
  find_package called with invalid argument "rospy"


[31m[1mCMake Error[0m at /home/user/catkin_ws/src/robot_age/CMakeLists.txt:51 (add_message_files):
  Unknown CMake command "add_message_files".


[36m--[0m Configuring incomplete, errors occurred!
See also "/home/user/catkin_ws/build/robot_age/CMakeFiles/CMakeOutput.log".
