Linked: (/home/user/catkin_ws/devel/.private/my_custom_srv_msg_pkg/lib/pkgconfig/my_custom_srv_msg_pkg.pc, /home/user/catkin_ws/devel/lib/pkgconfig/my_custom_srv_msg_pkg.pc)
Linked: (/home/user/catkin_ws/devel/.private/my_custom_srv_msg_pkg/lib/python3/dist-packages/my_custom_srv_msg_pkg/__init__.py, /home/user/catkin_ws/devel/lib/python3/dist-packages/my_custom_srv_msg_pkg/__init__.py)
Linked: (/home/user/catkin_ws/devel/.private/my_custom_srv_msg_pkg/lib/python3/dist-packages/my_custom_srv_msg_pkg/srv/_MyCustomServiceMessage.py, /home/user/catkin_ws/devel/lib/python3/dist-packages/my_custom_srv_msg_pkg/srv/_MyCustomServiceMessage.py)
Linked: (/home/user/catkin_ws/devel/.private/my_custom_srv_msg_pkg/lib/python3/dist-packages/my_custom_srv_msg_pkg/srv/__init__.py, /home/user/catkin_ws/devel/lib/python3/dist-packages/my_custom_srv_msg_pkg/srv/__init__.py)
Linked: (/home/user/catkin_ws/devel/.private/my_custom_srv_msg_pkg/include/my_custom_srv_msg_pkg/MyCustomServiceMessageResponse.h, /home/user/catkin_ws/devel/include/my_custom_srv_msg_pkg/MyCustomServiceMessageResponse.h)
Linked: (/home/user/catkin_ws/devel/.private/my_custom_srv_msg_pkg/include/my_custom_srv_msg_pkg/MyCustomServiceMessageRequest.h, /home/user/catkin_ws/devel/include/my_custom_srv_msg_pkg/MyCustomServiceMessageRequest.h)
Linked: (/home/user/catkin_ws/devel/.private/my_custom_srv_msg_pkg/include/my_custom_srv_msg_pkg/MyCustomServiceMessage.h, /home/user/catkin_ws/devel/include/my_custom_srv_msg_pkg/MyCustomServiceMessage.h)
Linked: (/home/user/catkin_ws/devel/.private/my_custom_srv_msg_pkg/share/common-lisp/ros/my_custom_srv_msg_pkg/srv/MyCustomServiceMessage.lisp, /home/user/catkin_ws/devel/share/common-lisp/ros/my_custom_srv_msg_pkg/srv/MyCustomServiceMessage.lisp)
Linked: (/home/user/catkin_ws/devel/.private/my_custom_srv_msg_pkg/share/common-lisp/ros/my_custom_srv_msg_pkg/srv/_package_MyCustomServiceMessage.lisp, /home/user/catkin_ws/devel/share/common-lisp/ros/my_custom_srv_msg_pkg/srv/_package_MyCustomServiceMessage.lisp)
Linked: (/home/user/catkin_ws/devel/.private/my_custom_srv_msg_pkg/share/common-lisp/ros/my_custom_srv_msg_pkg/srv/_package.lisp, /home/user/catkin_ws/devel/share/common-lisp/ros/my_custom_srv_msg_pkg/srv/_package.lisp)
Linked: (/home/user/catkin_ws/devel/.private/my_custom_srv_msg_pkg/share/common-lisp/ros/my_custom_srv_msg_pkg/srv/my_custom_srv_msg_pkg-srv.asd, /home/user/catkin_ws/devel/share/common-lisp/ros/my_custom_srv_msg_pkg/srv/my_custom_srv_msg_pkg-srv.asd)
Linked: (/home/user/catkin_ws/devel/.private/my_custom_srv_msg_pkg/share/my_custom_srv_msg_pkg/cmake/my_custom_srv_msg_pkg-msg-paths.cmake, /home/user/catkin_ws/devel/share/my_custom_srv_msg_pkg/cmake/my_custom_srv_msg_pkg-msg-paths.cmake)
Linked: (/home/user/catkin_ws/devel/.private/my_custom_srv_msg_pkg/share/my_custom_srv_msg_pkg/cmake/my_custom_srv_msg_pkgConfig.cmake, /home/user/catkin_ws/devel/share/my_custom_srv_msg_pkg/cmake/my_custom_srv_msg_pkgConfig.cmake)
Linked: (/home/user/catkin_ws/devel/.private/my_custom_srv_msg_pkg/share/my_custom_srv_msg_pkg/cmake/my_custom_srv_msg_pkgConfig-version.cmake, /home/user/catkin_ws/devel/share/my_custom_srv_msg_pkg/cmake/my_custom_srv_msg_pkgConfig-version.cmake)
Linked: (/home/user/catkin_ws/devel/.private/my_custom_srv_msg_pkg/share/my_custom_srv_msg_pkg/cmake/my_custom_srv_msg_pkg-msg-extras.cmake, /home/user/catkin_ws/devel/share/my_custom_srv_msg_pkg/cmake/my_custom_srv_msg_pkg-msg-extras.cmake)
Linked: (/home/user/catkin_ws/devel/.private/my_custom_srv_msg_pkg/share/roseus/ros/my_custom_srv_msg_pkg/manifest.l, /home/user/catkin_ws/devel/share/roseus/ros/my_custom_srv_msg_pkg/manifest.l)
Linked: (/home/user/catkin_ws/devel/.private/my_custom_srv_msg_pkg/share/roseus/ros/my_custom_srv_msg_pkg/srv/MyCustomServiceMessage.l, /home/user/catkin_ws/devel/share/roseus/ros/my_custom_srv_msg_pkg/srv/MyCustomServiceMessage.l)
Linked: (/home/user/catkin_ws/devel/.private/my_custom_srv_msg_pkg/share/gennodejs/ros/my_custom_srv_msg_pkg/_index.js, /home/user/catkin_ws/devel/share/gennodejs/ros/my_custom_srv_msg_pkg/_index.js)
Linked: (/home/user/catkin_ws/devel/.private/my_custom_srv_msg_pkg/share/gennodejs/ros/my_custom_srv_msg_pkg/srv/_index.js, /home/user/catkin_ws/devel/share/gennodejs/ros/my_custom_srv_msg_pkg/srv/_index.js)
Linked: (/home/user/catkin_ws/devel/.private/my_custom_srv_msg_pkg/share/gennodejs/ros/my_custom_srv_msg_pkg/srv/MyCustomServiceMessage.js, /home/user/catkin_ws/devel/share/gennodejs/ros/my_custom_srv_msg_pkg/srv/MyCustomServiceMessage.js)
