[35m[1mScanning dependencies of target std_msgs_generate_messages_lisp[0m
[35m[1mScanning dependencies of target std_msgs_generate_messages_py[0m
[35m[1mScanning dependencies of target std_msgs_generate_messages_nodejs[0m
[35m[1mScanning dependencies of target std_msgs_generate_messages_cpp[0m
[35m[1mScanning dependencies of target std_msgs_generate_messages_eus[0m
[  0%] Built target std_msgs_generate_messages_nodejs
[  0%] Built target std_msgs_generate_messages_py
[  0%] Built target std_msgs_generate_messages_eus
[35m[1mScanning dependencies of target my_custom_srv_msg_pkg_generate_messages_py[0m
[  0%] Built target std_msgs_generate_messages_lisp
[  0%] Built target std_msgs_generate_messages_cpp
[35m[1mScanning dependencies of target my_custom_srv_msg_pkg_generate_messages_nodejs[0m
[35m[1mScanning dependencies of target my_custom_srv_msg_pkg_generate_messages_eus[0m
[35m[1mScanning dependencies of target my_custom_srv_msg_pkg_generate_messages_lisp[0m
[35m[1mScanning dependencies of target my_custom_srv_msg_pkg_generate_messages_cpp[0m
[  0%] Built target my_custom_srv_msg_pkg_generate_messages_py
[100%] Built target my_custom_srv_msg_pkg_generate_messages_lisp
[100%] [34m[1mGenerating EusLisp manifest code for my_custom_srv_msg_pkg[0m
[100%] Built target my_custom_srv_msg_pkg_generate_messages_nodejs
[100%] Built target my_custom_srv_msg_pkg_generate_messages_cpp
[100%] Built target my_custom_srv_msg_pkg_generate_messages_eus
[35m[1mScanning dependencies of target my_custom_srv_msg_pkg_generate_messages[0m
[100%] Built target my_custom_srv_msg_pkg_generate_messages
